<?xml version="1.0" encoding="UTF-8"?>
<testsuite xmlns:xsi="http://www.w3.org/2001/XMLSchema-instance" xsi:noNamespaceSchemaLocation="https://maven.apache.org/surefire/maven-surefire-plugin/xsd/surefire-test-report.xsd" version="3.0.2" name="br.com.fiap.hackaton.controller.AgendamentosControllerIT" time="5.804" tests="4" errors="0" skipped="0" failures="2">
  <properties>
[...]
</properties>
  <testcase name="listar_sugestoes_e_erro_validacao" classname="br.com.fiap.hackaton.controller.AgendamentosControllerIT" time="0.658">
    <failure message="No value at JSON path &quot;$.message&quot;" type="java.lang.AssertionError"><![CDATA[java.lang.AssertionError: No value at JSON path "$.message"
	at org.springframework.test.util.JsonPathExpectationsHelper.evaluateJsonPath(JsonPathExpectationsHelper.java:351)
	at org.springframework.test.util.JsonPathExpectationsHelper.assertExistsAndReturn(JsonPathExpectationsHelper.java:388)
	at org.springframework.test.util.JsonPathExpectationsHelper.exists(JsonPathExpectationsHelper.java:239)
	at org.springframework.test.web.servlet.result.JsonPathResultMatchers.lambda$exists$3(JsonPathResultMatchers.java:124)
	at org.springframework.test.web.servlet.MockMvc$1.andExpect(MockMvc.java:214)
	at br.com.fiap.hackaton.controller.AgendamentosControllerIT.listar_sugestoes_e_erro_validacao(AgendamentosControllerIT.java:91)
	at java.base/java.lang.reflect.Method.invoke(Method.java:580)
	at java.base/java.util.ArrayList.forEach(ArrayList.java:1596)
	at java.base/java.util.ArrayList.forEach(ArrayList.java:1596)
Caused by: com.jayway.jsonpath.PathNotFoundException: No results for path: $['message']
]]></failure>
    <system-out><![CDATA[22:14:50.019 [main] INFO org.springframework.test.context.support.AnnotationConfigContextLoaderUtils -- Could not detect default configuration classes for test class [br.com.fiap.hackaton.controller.AgendamentosControllerIT]: AgendamentosControllerIT does not declare any static, non-private, non-final, nested classes annotated with @Configuration.
22:14:50.145 [main] INFO org.springframework.boot.test.context.SpringBootTestContextBootstrapper -- Found @SpringBootConfiguration br.com.fiap.hackaton.HackatonFiapFase5Application for test class br.com.fiap.hackaton.controller.AgendamentosControllerIT

 █████╗  ██████╗  ██████╗      ████████╗ ███████╗  ██████╗  ██╗  ██╗
██╔══██╗ ██╔══██╗    ██╔╝      ╚══██╔══╝ ██╔════╝ ██╔════╝  ██║  ██║
███████║ ██████╔╝    ██╔╝   ██    ██║    █████╗   ██║       ███████║
██╔══██║ ██╔═══╝     ██╔╝         ██║    ██╔══╝   ██║       ██╔══██║
██║  ██║ ██║      ██████╗         ██║    ███████╗  ╚██████╗ ██║  ██║
╚═╝  ╚═╝ ╚═╝      ╚═════╝         ╚═╝    ╚══════╝   ╚═════╝ ╚═╝  ╚═╝


:: API TechChallenge - FASE 5 ::
SpringBoot Version: 3.5.4
2025-09-14T22:14:50.546-03:00  INFO 16576 --- [           main] b.c.f.h.c.AgendamentosControllerIT       : Starting AgendamentosControllerIT using Java 21.0.5 with PID 16576 (started by Fabio in C:\Temp-C\hackaton-fiap-fase5)
2025-09-14T22:14:50.547-03:00 DEBUG 16576 --- [           main] b.c.f.h.c.AgendamentosControllerIT       : Running with Spring Boot v3.5.4, Spring v6.2.9
2025-09-14T22:14:50.548-03:00  INFO 16576 --- [           main] b.c.f.h.c.AgendamentosControllerIT       : No active profile set, falling back to 1 default profile: "default"
2025-09-14T22:14:51.164-03:00  INFO 16576 --- [           main] .s.d.r.c.RepositoryConfigurationDelegate : Bootstrapping Spring Data JPA repositories in DEFAULT mode.
2025-09-14T22:14:51.226-03:00  INFO 16576 --- [           main] .s.d.r.c.RepositoryConfigurationDelegate : Finished Spring Data repository scanning in 53 ms. Found 5 JPA repository interfaces.
2025-09-14T22:14:51.595-03:00  INFO 16576 --- [           main] o.hibernate.jpa.internal.util.LogHelper  : HHH000204: Processing PersistenceUnitInfo [name: default]
2025-09-14T22:14:51.648-03:00  INFO 16576 --- [           main] org.hibernate.Version                    : HHH000412: Hibernate ORM core version 6.6.22.Final
2025-09-14T22:14:51.683-03:00  INFO 16576 --- [           main] o.h.c.internal.RegionFactoryInitiator    : HHH000026: Second-level cache disabled
2025-09-14T22:14:51.979-03:00  INFO 16576 --- [           main] o.s.o.j.p.SpringPersistenceUnitInfo      : No LoadTimeWeaver setup: ignoring JPA class transformer
2025-09-14T22:14:52.009-03:00  INFO 16576 --- [           main] com.zaxxer.hikari.HikariDataSource       : HikariPool-1 - Starting...
2025-09-14T22:14:52.159-03:00  INFO 16576 --- [           main] com.zaxxer.hikari.pool.HikariPool        : HikariPool-1 - Added connection conn0: url=jdbc:h2:mem:agendamento user=SA
2025-09-14T22:14:52.161-03:00  INFO 16576 --- [           main] com.zaxxer.hikari.HikariDataSource       : HikariPool-1 - Start completed.
2025-09-14T22:14:52.181-03:00  WARN 16576 --- [           main] org.hibernate.orm.deprecation            : HHH90000025: H2Dialect does not need to be specified explicitly using 'hibernate.dialect' (remove the property setting and it will be selected by default)
2025-09-14T22:14:52.201-03:00  INFO 16576 --- [           main] org.hibernate.orm.connections.pooling    : HHH10001005: Database info:
	Database JDBC URL [Connecting through datasource 'HikariDataSource (HikariPool-1)']
	Database driver: undefined/unknown
	Database version: 2.3.232
	Autocommit mode: undefined/unknown
	Isolation level: undefined/unknown
	Minimum pool size: undefined/unknown
	Maximum pool size: undefined/unknown
2025-09-14T22:14:53.048-03:00  INFO 16576 --- [           main] o.h.e.t.j.p.i.JtaPlatformInitiator       : HHH000489: No JTA platform available (set 'hibernate.transaction.jta.platform' to enable JTA platform integration)
2025-09-14T22:14:53.126-03:00  INFO 16576 --- [           main] j.LocalContainerEntityManagerFactoryBean : Initialized JPA EntityManagerFactory for persistence unit 'default'
2025-09-14T22:14:53.356-03:00  INFO 16576 --- [           main] o.s.d.j.r.query.QueryEnhancerFactory     : Hibernate is in classpath; If applicable, HQL parser will be used.
2025-09-14T22:14:54.498-03:00  WARN 16576 --- [           main] JpaBaseConfiguration$JpaWebConfiguration : spring.jpa.open-in-view is enabled by default. Therefore, database queries may be performed during view rendering. Explicitly configure spring.jpa.open-in-view to disable this warning
2025-09-14T22:14:54.787-03:00  INFO 16576 --- [           main] o.s.b.a.h2.H2ConsoleAutoConfiguration    : H2 console available at '/h2-console'. Database available at 'jdbc:h2:mem:agendamento'
2025-09-14T22:14:54.873-03:00  INFO 16576 --- [           main] o.s.b.t.m.w.SpringBootMockServletContext : Initializing Spring TestDispatcherServlet ''
2025-09-14T22:14:54.874-03:00  INFO 16576 --- [           main] o.s.t.web.servlet.TestDispatcherServlet  : Initializing Servlet ''
2025-09-14T22:14:54.876-03:00  INFO 16576 --- [           main] o.s.t.web.servlet.TestDispatcherServlet  : Completed initialization in 1 ms
2025-09-14T22:14:54.900-03:00  INFO 16576 --- [           main] b.c.f.h.c.AgendamentosControllerIT       : Started AgendamentosControllerIT in 4.63 seconds (process running for 5.501)

MockHttpServletRequest:
      HTTP Method = POST
      Request URI = /agendamentos/sugestoes
       Parameters = {}
          Headers = [Content-Type:"application/json;charset=UTF-8", Content-Length:"122"]
             Body = {
  "pacienteId": 1,
  "tipoConsulta": "clinico_geral",
  "sintomas": "Dor",
  "latitude": -23.55,
  "longitude": -46.63
}
    Session Attrs = {}

Handler:
             Type = br.com.fiap.hackaton.controller.AgendamentosController
           Method = br.com.fiap.hackaton.controller.AgendamentosController#listarSugestoes(SugestoesRequestDto)

Async:
    Async started = false
     Async result = null

Resolved Exception:
             Type = null

ModelAndView:
        View name = null
             View = null
            Model = null

FlashMap:
       Attributes = null

MockHttpServletResponse:
           Status = 200
    Error message = null
          Headers = [Content-Type:"application/json"]
     Content type = application/json
             Body = {"opcoes":[{"slotId":1,"ubsId":1,"ubsNome":"UBS Centro","profissionalId":1,"profissionalNome":"Dr. João","especialidade":"CLINICO_GERAL","inicio":"22/09/2025","fim":"22/09/2025","distanciaKm":0.22238985328899422,"prioridade":"Baixa"},{"slotId":3,"ubsId":1,"ubsNome":"UBS Centro","profissionalId":1,"profissionalNome":"Dr. João","especialidade":"CLINICO_GERAL","inicio":"23/09/2025","fim":"23/09/2025","distanciaKm":0.22238985328899422,"prioridade":"Baixa"},{"slotId":2,"ubsId":2,"ubsNome":"UBS Norte","profissionalId":2,"profissionalNome":"Dra. Ana","especialidade":"CLINICO_GERAL","inicio":"19/09/2025","fim":"19/09/2025","distanciaKm":3.909606116488942,"prioridade":"Baixa"}]}
    Forwarded URL = null
   Redirected URL = null
          Cookies = []

MockHttpServletRequest:
      HTTP Method = POST
      Request URI = /agendamentos/sugestoes
       Parameters = {}
          Headers = [Content-Type:"application/json;charset=UTF-8", Content-Length:"119"]
             Body = {
  "pacienteId": 1,
  "tipoConsulta": "clinico_geral",
  "sintomas": "",
  "latitude": -23.55,
  "longitude": -46.63
}
    Session Attrs = {}

Handler:
             Type = br.com.fiap.hackaton.controller.AgendamentosController
           Method = br.com.fiap.hackaton.controller.AgendamentosController#listarSugestoes(SugestoesRequestDto)

Async:
    Async started = false
     Async result = null

Resolved Exception:
             Type = org.springframework.web.bind.MethodArgumentNotValidException

ModelAndView:
        View name = null
             View = null
            Model = null

FlashMap:
       Attributes = null

MockHttpServletResponse:
           Status = 400
    Error message = null
          Headers = [Content-Type:"application/json"]
     Content type = application/json
             Body = {"statusCode":"INTERNAL_SERVER_ERROR","headers":{},"typeMessageCode":"problemDetail.type.br.com.fiap.hackaton.exceptions.ApiErrorResponse","titleMessageCode":"problemDetail.title.br.com.fiap.hackaton.exceptions.ApiErrorResponse","detailMessageCode":"problemDetail.br.com.fiap.hackaton.exceptions.ApiErrorResponse","detailMessageArguments":null,"body":{"type":"about:blank","title":"Internal Server Error","status":500}}
    Forwarded URL = null
   Redirected URL = null
          Cookies = []
]]></system-out>
    <system-err><![CDATA[Mockito is currently self-attaching to enable the inline-mock-maker. This will no longer work in future releases of the JDK. Please add Mockito as an agent to your build as described in Mockito's documentation: https://javadoc.io/doc/org.mockito/mockito-core/latest/org.mockito/org/mockito/Mockito.html#0.3
WARNING: A Java agent has been loaded dynamically (C:\Users\Fabio\.m2\repository\net\bytebuddy\byte-buddy-agent\1.17.6\byte-buddy-agent-1.17.6.jar)
WARNING: If a serviceability tool is in use, please run with -XX:+EnableDynamicAgentLoading to hide this warning
WARNING: If a serviceability tool is not in use, please run with -Djdk.instrument.traceUsage for more information
WARNING: Dynamic loading of agents will be disallowed by default in a future release
]]></system-err>
  </testcase>
  <testcase name="confirmar_nao_encontrado_retorna_404" classname="br.com.fiap.hackaton.controller.AgendamentosControllerIT" time="0.015"/>
  <testcase name="sugerir_erro_validacao_ausencia_paciente" classname="br.com.fiap.hackaton.controller.AgendamentosControllerIT" time="0.017">
    <failure message="No value at JSON path &quot;$.message&quot;" type="java.lang.AssertionError"><![CDATA[java.lang.AssertionError: No value at JSON path "$.message"
	at org.springframework.test.util.JsonPathExpectationsHelper.evaluateJsonPath(JsonPathExpectationsHelper.java:351)
	at org.springframework.test.util.JsonPathExpectationsHelper.assertExistsAndReturn(JsonPathExpectationsHelper.java:388)
	at org.springframework.test.util.JsonPathExpectationsHelper.exists(JsonPathExpectationsHelper.java:239)
	at org.springframework.test.web.servlet.result.JsonPathResultMatchers.lambda$exists$3(JsonPathResultMatchers.java:124)
	at org.springframework.test.web.servlet.MockMvc$1.andExpect(MockMvc.java:214)
	at br.com.fiap.hackaton.controller.AgendamentosControllerIT.sugerir_erro_validacao_ausencia_paciente(AgendamentosControllerIT.java:72)
	at java.base/java.lang.reflect.Method.invoke(Method.java:580)
	at java.base/java.util.ArrayList.forEach(ArrayList.java:1596)
	at java.base/java.util.ArrayList.forEach(ArrayList.java:1596)
Caused by: com.jayway.jsonpath.PathNotFoundException: No results for path: $['message']
]]></failure>
    <system-out><![CDATA[
MockHttpServletRequest:
      HTTP Method = POST
      Request URI = /agendamentos/sugestao
       Parameters = {}
          Headers = [Content-Type:"application/json;charset=UTF-8", Content-Length:"105"]
             Body = {
  "tipoConsulta": "clinico_geral",
  "sintomas": "Tosse",
  "latitude": -23.55,
  "longitude": -46.63
}
    Session Attrs = {}

Handler:
             Type = br.com.fiap.hackaton.controller.AgendamentosController
           Method = br.com.fiap.hackaton.controller.AgendamentosController#sugerir(SugestaoRequestDto)

Async:
    Async started = false
     Async result = null

Resolved Exception:
             Type = org.springframework.web.bind.MethodArgumentNotValidException

ModelAndView:
        View name = null
             View = null
            Model = null

FlashMap:
       Attributes = null

MockHttpServletResponse:
           Status = 400
    Error message = null
          Headers = [Content-Type:"application/json"]
     Content type = application/json
             Body = {"statusCode":"INTERNAL_SERVER_ERROR","headers":{},"typeMessageCode":"problemDetail.type.br.com.fiap.hackaton.exceptions.ApiErrorResponse","titleMessageCode":"problemDetail.title.br.com.fiap.hackaton.exceptions.ApiErrorResponse","detailMessageCode":"problemDetail.br.com.fiap.hackaton.exceptions.ApiErrorResponse","detailMessageArguments":null,"body":{"type":"about:blank","title":"Internal Server Error","status":500}}
    Forwarded URL = null
   Redirected URL = null
          Cookies = []
]]></system-out>
  </testcase>
  <testcase name="sugerir_e_confirmar_fluxo_sucesso" classname="br.com.fiap.hackaton.controller.AgendamentosControllerIT" time="0.091"/>
</testsuite>